<?xml version="1.0" encoding="UTF-8"?>
<robot generator="Robot 3.2.2 (Python 3.8.5 on darwin)" generated="20200921 16:47:39.907" rpa="false">
<suite id="s1" name="Navbar" source="/Users/lukehowsam/srv/dev/robot-testing/tests/ebuyer/navbar.robot">
<kw name="Run Keywords" library="BuiltIn" type="setup">
<doc>Executes all the given keywords in a sequence.</doc>
<status status="PASS" starttime="20200921 16:47:40.074" endtime="20200921 16:47:40.075"></status>
</kw>
<test id="s1-t1" name="Ensure All Nav Items Are Visible">
<kw name="nav-item">
<kw name="Open Browser" library="SeleniumLibrary">
<doc>Opens a new browser instance to the optional ``url``.</doc>
<arguments>
<arg>${URL}</arg>
<arg>${BROWSER.chrome}</arg>
</arguments>
<msg timestamp="20200921 16:47:40.076" level="INFO">Opening browser 'chrome' to base url 'https://www.ebuyer.com/'.</msg>
<status status="PASS" starttime="20200921 16:47:40.076" endtime="20200921 16:47:45.981"></status>
</kw>
<kw name="Maximize Browser Window" library="SeleniumLibrary">
<doc>Maximizes current browser window.</doc>
<status status="PASS" starttime="20200921 16:47:45.982" endtime="20200921 16:47:46.173"></status>
</kw>
<kw name="Sleep" library="BuiltIn">
<doc>Pauses the test executed for the given time.</doc>
<arguments>
<arg>5</arg>
</arguments>
<msg timestamp="20200921 16:47:51.174" level="INFO">Slept 5 seconds</msg>
<status status="PASS" starttime="20200921 16:47:46.173" endtime="20200921 16:47:51.174"></status>
</kw>
<kw name="Input Text" library="SeleniumLibrary">
<doc>Types the given ``text`` into the text field identified by ``locator``.</doc>
<arguments>
<arg>${INPUT}</arg>
<arg>Hello</arg>
</arguments>
<msg timestamp="20200921 16:47:51.174" level="INFO">Typing text 'Hello' into text field 'xpath=/html/body/header/div/form/span/input[2]'.</msg>
<status status="PASS" starttime="20200921 16:47:51.174" endtime="20200921 16:47:52.207"></status>
</kw>
<status status="PASS" starttime="20200921 16:47:40.075" endtime="20200921 16:47:52.208"></status>
</kw>
<status status="PASS" starttime="20200921 16:47:40.075" endtime="20200921 16:47:52.208" critical="yes"></status>
</test>
<kw name="Run Keywords" library="BuiltIn" type="teardown">
<doc>Executes all the given keywords in a sequence.</doc>
<arguments>
<arg>Close Browser</arg>
</arguments>
<kw name="Close Browser" library="SeleniumLibrary">
<doc>Closes the current browser.</doc>
<status status="PASS" starttime="20200921 16:47:52.209" endtime="20200921 16:47:52.303"></status>
</kw>
<status status="PASS" starttime="20200921 16:47:52.209" endtime="20200921 16:47:52.303"></status>
</kw>
<status status="PASS" starttime="20200921 16:47:39.908" endtime="20200921 16:47:52.303"></status>
</suite>
<statistics>
<total>
<stat pass="1" fail="0">Critical Tests</stat>
<stat pass="1" fail="0">All Tests</stat>
</total>
<tag>
</tag>
<suite>
<stat pass="1" fail="0" id="s1" name="Navbar">Navbar</stat>
</suite>
</statistics>
<errors>
</errors>
</robot>
