<?xml version="1.0" encoding="UTF-8"?>
<robot generator="Robot 3.2.2 (Python 3.8.5 on darwin)" generated="20200918 15:36:42.845" rpa="false">
<suite id="s1" name="Github" source="/Users/lukehowsam/srv/dev/robot-testing/tests/Github/github.robot">
<kw name="Run Keywords" library="BuiltIn" type="setup">
<doc>Executes all the given keywords in a sequence.</doc>
<status status="PASS" starttime="20200918 15:36:43.000" endtime="20200918 15:36:43.000"></status>
</kw>
<test id="s1-t1" name="if-statement-Submit-Form">
<kw name="Run Keyword If" library="BuiltIn">
<doc>Runs the given keyword with the given arguments, if ``condition`` is true.</doc>
<arguments>
<arg>${LOOP} &gt; 1</arg>
<arg>Submit Form</arg>
</arguments>
<kw name="Submit Form">
<kw name="Open Browser" library="SeleniumLibrary">
<doc>Opens a new browser instance to the optional ``url``.</doc>
<arguments>
<arg>${URL}</arg>
<arg>${BROWSER}</arg>
</arguments>
<msg timestamp="20200918 15:36:43.002" level="INFO">Opening browser 'firefox' to base url 'https://www.github.com'.</msg>
<msg timestamp="20200918 15:36:43.003" level="INFO">Firefox driver log is always forced to to: /Users/lukehowsam/srv/dev/robot-testing/tests/Github/geckodriver-12.log</msg>
<status status="PASS" starttime="20200918 15:36:43.002" endtime="20200918 15:36:47.896"></status>
</kw>
<kw name="Sleep" library="BuiltIn">
<doc>Pauses the test executed for the given time.</doc>
<arguments>
<arg>1</arg>
</arguments>
<msg timestamp="20200918 15:36:48.898" level="INFO">Slept 1 second</msg>
<status status="PASS" starttime="20200918 15:36:47.896" endtime="20200918 15:36:48.898"></status>
</kw>
<kw name="Input Text" library="SeleniumLibrary">
<doc>Types the given ``text`` into the text field identified by ``locator``.</doc>
<arguments>
<arg>${USERNAME}</arg>
<arg>${USERNAME_VAL}</arg>
</arguments>
<msg timestamp="20200918 15:36:48.899" level="INFO">Typing text 'luke123546' into text field '//*[@id="user[login]"]'.</msg>
<status status="PASS" starttime="20200918 15:36:48.899" endtime="20200918 15:36:48.935"></status>
</kw>
<kw name="Sleep" library="BuiltIn">
<doc>Pauses the test executed for the given time.</doc>
<arguments>
<arg>1</arg>
</arguments>
<msg timestamp="20200918 15:36:49.936" level="INFO">Slept 1 second</msg>
<status status="PASS" starttime="20200918 15:36:48.935" endtime="20200918 15:36:49.937"></status>
</kw>
<kw name="Input Text" library="SeleniumLibrary">
<doc>Types the given ``text`` into the text field identified by ``locator``.</doc>
<arguments>
<arg>${EMAIL}</arg>
<arg>${EMAIL_VAL}</arg>
</arguments>
<msg timestamp="20200918 15:36:49.938" level="INFO">Typing text 'luke@email.com' into text field '//*[@id="user[email]"]'.</msg>
<status status="PASS" starttime="20200918 15:36:49.937" endtime="20200918 15:36:49.974"></status>
</kw>
<kw name="Sleep" library="BuiltIn">
<doc>Pauses the test executed for the given time.</doc>
<arguments>
<arg>1</arg>
</arguments>
<msg timestamp="20200918 15:36:50.975" level="INFO">Slept 1 second</msg>
<status status="PASS" starttime="20200918 15:36:49.974" endtime="20200918 15:36:50.975"></status>
</kw>
<kw name="Input Text" library="SeleniumLibrary">
<doc>Types the given ``text`` into the text field identified by ``locator``.</doc>
<arguments>
<arg>${PASSWORd}</arg>
<arg>${PASSWORD_VAL}</arg>
</arguments>
<msg timestamp="20200918 15:36:50.976" level="INFO">Typing text 'supersecretpwd123' into text field '//*[@id="user[password]"]'.</msg>
<status status="PASS" starttime="20200918 15:36:50.976" endtime="20200918 15:36:51.013"></status>
</kw>
<kw name="Sleep" library="BuiltIn">
<doc>Pauses the test executed for the given time.</doc>
<arguments>
<arg>1</arg>
</arguments>
<msg timestamp="20200918 15:36:52.013" level="INFO">Slept 1 second</msg>
<status status="PASS" starttime="20200918 15:36:51.013" endtime="20200918 15:36:52.014"></status>
</kw>
<kw name="Close Browser" library="SeleniumLibrary">
<doc>Closes the current browser.</doc>
<status status="PASS" starttime="20200918 15:36:52.014" endtime="20200918 15:36:52.415"></status>
</kw>
<status status="PASS" starttime="20200918 15:36:43.001" endtime="20200918 15:36:52.415"></status>
</kw>
<status status="PASS" starttime="20200918 15:36:43.001" endtime="20200918 15:36:52.415"></status>
</kw>
<status status="PASS" starttime="20200918 15:36:43.001" endtime="20200918 15:36:52.416" critical="yes"></status>
</test>
<test id="s1-t2" name="for-loop-Submit-Form">
<kw name="${ITEM} IN [ item1 | item2 | item3 | item4 | item5 ]" type="for">
<kw name="${ITEM} = item1" type="foritem">
<kw name="Run Keyword" library="BuiltIn">
<doc>Executes the given keyword with the given arguments.</doc>
<arguments>
<arg>Submit Form</arg>
</arguments>
<kw name="Submit Form">
<kw name="Open Browser" library="SeleniumLibrary">
<doc>Opens a new browser instance to the optional ``url``.</doc>
<arguments>
<arg>${URL}</arg>
<arg>${BROWSER}</arg>
</arguments>
<msg timestamp="20200918 15:36:52.418" level="INFO">Opening browser 'firefox' to base url 'https://www.github.com'.</msg>
<msg timestamp="20200918 15:36:52.418" level="INFO">Firefox driver log is always forced to to: /Users/lukehowsam/srv/dev/robot-testing/tests/Github/geckodriver-13.log</msg>
<status status="PASS" starttime="20200918 15:36:52.418" endtime="20200918 15:36:57.726"></status>
</kw>
<kw name="Sleep" library="BuiltIn">
<doc>Pauses the test executed for the given time.</doc>
<arguments>
<arg>1</arg>
</arguments>
<msg timestamp="20200918 15:36:58.729" level="INFO">Slept 1 second</msg>
<status status="PASS" starttime="20200918 15:36:57.727" endtime="20200918 15:36:58.729"></status>
</kw>
<kw name="Input Text" library="SeleniumLibrary">
<doc>Types the given ``text`` into the text field identified by ``locator``.</doc>
<arguments>
<arg>${USERNAME}</arg>
<arg>${USERNAME_VAL}</arg>
</arguments>
<msg timestamp="20200918 15:36:58.730" level="INFO">Typing text 'luke123546' into text field '//*[@id="user[login]"]'.</msg>
<status status="PASS" starttime="20200918 15:36:58.730" endtime="20200918 15:36:58.767"></status>
</kw>
<kw name="Sleep" library="BuiltIn">
<doc>Pauses the test executed for the given time.</doc>
<arguments>
<arg>1</arg>
</arguments>
<msg timestamp="20200918 15:36:59.768" level="INFO">Slept 1 second</msg>
<status status="PASS" starttime="20200918 15:36:58.767" endtime="20200918 15:36:59.768"></status>
</kw>
<kw name="Input Text" library="SeleniumLibrary">
<doc>Types the given ``text`` into the text field identified by ``locator``.</doc>
<arguments>
<arg>${EMAIL}</arg>
<arg>${EMAIL_VAL}</arg>
</arguments>
<msg timestamp="20200918 15:36:59.769" level="INFO">Typing text 'luke@email.com' into text field '//*[@id="user[email]"]'.</msg>
<status status="PASS" starttime="20200918 15:36:59.768" endtime="20200918 15:36:59.803"></status>
</kw>
<kw name="Sleep" library="BuiltIn">
<doc>Pauses the test executed for the given time.</doc>
<arguments>
<arg>1</arg>
</arguments>
<msg timestamp="20200918 15:37:00.804" level="INFO">Slept 1 second</msg>
<status status="PASS" starttime="20200918 15:36:59.803" endtime="20200918 15:37:00.804"></status>
</kw>
<kw name="Input Text" library="SeleniumLibrary">
<doc>Types the given ``text`` into the text field identified by ``locator``.</doc>
<arguments>
<arg>${PASSWORd}</arg>
<arg>${PASSWORD_VAL}</arg>
</arguments>
<msg timestamp="20200918 15:37:00.804" level="INFO">Typing text 'supersecretpwd123' into text field '//*[@id="user[password]"]'.</msg>
<status status="PASS" starttime="20200918 15:37:00.804" endtime="20200918 15:37:00.843"></status>
</kw>
<kw name="Sleep" library="BuiltIn">
<doc>Pauses the test executed for the given time.</doc>
<arguments>
<arg>1</arg>
</arguments>
<msg timestamp="20200918 15:37:01.846" level="INFO">Slept 1 second</msg>
<status status="PASS" starttime="20200918 15:37:00.843" endtime="20200918 15:37:01.846"></status>
</kw>
<kw name="Close Browser" library="SeleniumLibrary">
<doc>Closes the current browser.</doc>
<status status="PASS" starttime="20200918 15:37:01.847" endtime="20200918 15:37:02.244"></status>
</kw>
<status status="PASS" starttime="20200918 15:36:52.417" endtime="20200918 15:37:02.244"></status>
</kw>
<status status="PASS" starttime="20200918 15:36:52.417" endtime="20200918 15:37:02.244"></status>
</kw>
<status status="PASS" starttime="20200918 15:36:52.417" endtime="20200918 15:37:02.244"></status>
</kw>
<kw name="${ITEM} = item2" type="foritem">
<kw name="Run Keyword" library="BuiltIn">
<doc>Executes the given keyword with the given arguments.</doc>
<arguments>
<arg>Submit Form</arg>
</arguments>
<kw name="Submit Form">
<kw name="Open Browser" library="SeleniumLibrary">
<doc>Opens a new browser instance to the optional ``url``.</doc>
<arguments>
<arg>${URL}</arg>
<arg>${BROWSER}</arg>
</arguments>
<msg timestamp="20200918 15:37:02.245" level="INFO">Opening browser 'firefox' to base url 'https://www.github.com'.</msg>
<msg timestamp="20200918 15:37:02.246" level="INFO">Firefox driver log is always forced to to: /Users/lukehowsam/srv/dev/robot-testing/tests/Github/geckodriver-14.log</msg>
<status status="PASS" starttime="20200918 15:37:02.245" endtime="20200918 15:37:07.554"></status>
</kw>
<kw name="Sleep" library="BuiltIn">
<doc>Pauses the test executed for the given time.</doc>
<arguments>
<arg>1</arg>
</arguments>
<msg timestamp="20200918 15:37:08.555" level="INFO">Slept 1 second</msg>
<status status="PASS" starttime="20200918 15:37:07.554" endtime="20200918 15:37:08.555"></status>
</kw>
<kw name="Input Text" library="SeleniumLibrary">
<doc>Types the given ``text`` into the text field identified by ``locator``.</doc>
<arguments>
<arg>${USERNAME}</arg>
<arg>${USERNAME_VAL}</arg>
</arguments>
<msg timestamp="20200918 15:37:08.556" level="INFO">Typing text 'luke123546' into text field '//*[@id="user[login]"]'.</msg>
<status status="PASS" starttime="20200918 15:37:08.555" endtime="20200918 15:37:08.588"></status>
</kw>
<kw name="Sleep" library="BuiltIn">
<doc>Pauses the test executed for the given time.</doc>
<arguments>
<arg>1</arg>
</arguments>
<msg timestamp="20200918 15:37:09.589" level="INFO">Slept 1 second</msg>
<status status="PASS" starttime="20200918 15:37:08.588" endtime="20200918 15:37:09.589"></status>
</kw>
<kw name="Input Text" library="SeleniumLibrary">
<doc>Types the given ``text`` into the text field identified by ``locator``.</doc>
<arguments>
<arg>${EMAIL}</arg>
<arg>${EMAIL_VAL}</arg>
</arguments>
<msg timestamp="20200918 15:37:09.590" level="INFO">Typing text 'luke@email.com' into text field '//*[@id="user[email]"]'.</msg>
<status status="PASS" starttime="20200918 15:37:09.590" endtime="20200918 15:37:09.624"></status>
</kw>
<kw name="Sleep" library="BuiltIn">
<doc>Pauses the test executed for the given time.</doc>
<arguments>
<arg>1</arg>
</arguments>
<msg timestamp="20200918 15:37:10.625" level="INFO">Slept 1 second</msg>
<status status="PASS" starttime="20200918 15:37:09.624" endtime="20200918 15:37:10.625"></status>
</kw>
<kw name="Input Text" library="SeleniumLibrary">
<doc>Types the given ``text`` into the text field identified by ``locator``.</doc>
<arguments>
<arg>${PASSWORd}</arg>
<arg>${PASSWORD_VAL}</arg>
</arguments>
<msg timestamp="20200918 15:37:10.625" level="INFO">Typing text 'supersecretpwd123' into text field '//*[@id="user[password]"]'.</msg>
<status status="PASS" starttime="20200918 15:37:10.625" endtime="20200918 15:37:10.662"></status>
</kw>
<kw name="Sleep" library="BuiltIn">
<doc>Pauses the test executed for the given time.</doc>
<arguments>
<arg>1</arg>
</arguments>
<msg timestamp="20200918 15:37:11.662" level="INFO">Slept 1 second</msg>
<status status="PASS" starttime="20200918 15:37:10.662" endtime="20200918 15:37:11.663"></status>
</kw>
<kw name="Close Browser" library="SeleniumLibrary">
<doc>Closes the current browser.</doc>
<status status="PASS" starttime="20200918 15:37:11.663" endtime="20200918 15:37:12.071"></status>
</kw>
<status status="PASS" starttime="20200918 15:37:02.244" endtime="20200918 15:37:12.071"></status>
</kw>
<status status="PASS" starttime="20200918 15:37:02.244" endtime="20200918 15:37:12.071"></status>
</kw>
<status status="PASS" starttime="20200918 15:37:02.244" endtime="20200918 15:37:12.072"></status>
</kw>
<kw name="${ITEM} = item3" type="foritem">
<kw name="Run Keyword" library="BuiltIn">
<doc>Executes the given keyword with the given arguments.</doc>
<arguments>
<arg>Submit Form</arg>
</arguments>
<kw name="Submit Form">
<kw name="Open Browser" library="SeleniumLibrary">
<doc>Opens a new browser instance to the optional ``url``.</doc>
<arguments>
<arg>${URL}</arg>
<arg>${BROWSER}</arg>
</arguments>
<msg timestamp="20200918 15:37:12.073" level="INFO">Opening browser 'firefox' to base url 'https://www.github.com'.</msg>
<msg timestamp="20200918 15:37:12.074" level="INFO">Firefox driver log is always forced to to: /Users/lukehowsam/srv/dev/robot-testing/tests/Github/geckodriver-15.log</msg>
<status status="PASS" starttime="20200918 15:37:12.073" endtime="20200918 15:37:17.397"></status>
</kw>
<kw name="Sleep" library="BuiltIn">
<doc>Pauses the test executed for the given time.</doc>
<arguments>
<arg>1</arg>
</arguments>
<msg timestamp="20200918 15:37:18.399" level="INFO">Slept 1 second</msg>
<status status="PASS" starttime="20200918 15:37:17.398" endtime="20200918 15:37:18.399"></status>
</kw>
<kw name="Input Text" library="SeleniumLibrary">
<doc>Types the given ``text`` into the text field identified by ``locator``.</doc>
<arguments>
<arg>${USERNAME}</arg>
<arg>${USERNAME_VAL}</arg>
</arguments>
<msg timestamp="20200918 15:37:18.401" level="INFO">Typing text 'luke123546' into text field '//*[@id="user[login]"]'.</msg>
<status status="PASS" starttime="20200918 15:37:18.400" endtime="20200918 15:37:18.431"></status>
</kw>
<kw name="Sleep" library="BuiltIn">
<doc>Pauses the test executed for the given time.</doc>
<arguments>
<arg>1</arg>
</arguments>
<msg timestamp="20200918 15:37:19.432" level="INFO">Slept 1 second</msg>
<status status="PASS" starttime="20200918 15:37:18.432" endtime="20200918 15:37:19.433"></status>
</kw>
<kw name="Input Text" library="SeleniumLibrary">
<doc>Types the given ``text`` into the text field identified by ``locator``.</doc>
<arguments>
<arg>${EMAIL}</arg>
<arg>${EMAIL_VAL}</arg>
</arguments>
<msg timestamp="20200918 15:37:19.433" level="INFO">Typing text 'luke@email.com' into text field '//*[@id="user[email]"]'.</msg>
<status status="PASS" starttime="20200918 15:37:19.433" endtime="20200918 15:37:19.457"></status>
</kw>
<kw name="Sleep" library="BuiltIn">
<doc>Pauses the test executed for the given time.</doc>
<arguments>
<arg>1</arg>
</arguments>
<msg timestamp="20200918 15:37:20.458" level="INFO">Slept 1 second</msg>
<status status="PASS" starttime="20200918 15:37:19.458" endtime="20200918 15:37:20.459"></status>
</kw>
<kw name="Input Text" library="SeleniumLibrary">
<doc>Types the given ``text`` into the text field identified by ``locator``.</doc>
<arguments>
<arg>${PASSWORd}</arg>
<arg>${PASSWORD_VAL}</arg>
</arguments>
<msg timestamp="20200918 15:37:20.459" level="INFO">Typing text 'supersecretpwd123' into text field '//*[@id="user[password]"]'.</msg>
<status status="PASS" starttime="20200918 15:37:20.459" endtime="20200918 15:37:20.491"></status>
</kw>
<kw name="Sleep" library="BuiltIn">
<doc>Pauses the test executed for the given time.</doc>
<arguments>
<arg>1</arg>
</arguments>
<msg timestamp="20200918 15:37:21.492" level="INFO">Slept 1 second</msg>
<status status="PASS" starttime="20200918 15:37:20.491" endtime="20200918 15:37:21.492"></status>
</kw>
<kw name="Close Browser" library="SeleniumLibrary">
<doc>Closes the current browser.</doc>
<status status="PASS" starttime="20200918 15:37:21.492" endtime="20200918 15:37:21.993"></status>
</kw>
<status status="PASS" starttime="20200918 15:37:12.072" endtime="20200918 15:37:21.994"></status>
</kw>
<status status="PASS" starttime="20200918 15:37:12.072" endtime="20200918 15:37:21.994"></status>
</kw>
<status status="PASS" starttime="20200918 15:37:12.072" endtime="20200918 15:37:21.994"></status>
</kw>
<kw name="${ITEM} = item4" type="foritem">
<kw name="Run Keyword" library="BuiltIn">
<doc>Executes the given keyword with the given arguments.</doc>
<arguments>
<arg>Submit Form</arg>
</arguments>
<kw name="Submit Form">
<kw name="Open Browser" library="SeleniumLibrary">
<doc>Opens a new browser instance to the optional ``url``.</doc>
<arguments>
<arg>${URL}</arg>
<arg>${BROWSER}</arg>
</arguments>
<msg timestamp="20200918 15:37:21.995" level="INFO">Opening browser 'firefox' to base url 'https://www.github.com'.</msg>
<msg timestamp="20200918 15:37:21.995" level="INFO">Firefox driver log is always forced to to: /Users/lukehowsam/srv/dev/robot-testing/tests/Github/geckodriver-16.log</msg>
<status status="PASS" starttime="20200918 15:37:21.995" endtime="20200918 15:37:27.441"></status>
</kw>
<kw name="Sleep" library="BuiltIn">
<doc>Pauses the test executed for the given time.</doc>
<arguments>
<arg>1</arg>
</arguments>
<msg timestamp="20200918 15:37:28.443" level="INFO">Slept 1 second</msg>
<status status="PASS" starttime="20200918 15:37:27.442" endtime="20200918 15:37:28.443"></status>
</kw>
<kw name="Input Text" library="SeleniumLibrary">
<doc>Types the given ``text`` into the text field identified by ``locator``.</doc>
<arguments>
<arg>${USERNAME}</arg>
<arg>${USERNAME_VAL}</arg>
</arguments>
<msg timestamp="20200918 15:37:28.444" level="INFO">Typing text 'luke123546' into text field '//*[@id="user[login]"]'.</msg>
<status status="PASS" starttime="20200918 15:37:28.443" endtime="20200918 15:37:28.474"></status>
</kw>
<kw name="Sleep" library="BuiltIn">
<doc>Pauses the test executed for the given time.</doc>
<arguments>
<arg>1</arg>
</arguments>
<msg timestamp="20200918 15:37:29.475" level="INFO">Slept 1 second</msg>
<status status="PASS" starttime="20200918 15:37:28.474" endtime="20200918 15:37:29.475"></status>
</kw>
<kw name="Input Text" library="SeleniumLibrary">
<doc>Types the given ``text`` into the text field identified by ``locator``.</doc>
<arguments>
<arg>${EMAIL}</arg>
<arg>${EMAIL_VAL}</arg>
</arguments>
<msg timestamp="20200918 15:37:29.476" level="INFO">Typing text 'luke@email.com' into text field '//*[@id="user[email]"]'.</msg>
<status status="PASS" starttime="20200918 15:37:29.475" endtime="20200918 15:37:29.503"></status>
</kw>
<kw name="Sleep" library="BuiltIn">
<doc>Pauses the test executed for the given time.</doc>
<arguments>
<arg>1</arg>
</arguments>
<msg timestamp="20200918 15:37:30.504" level="INFO">Slept 1 second</msg>
<status status="PASS" starttime="20200918 15:37:29.503" endtime="20200918 15:37:30.504"></status>
</kw>
<kw name="Input Text" library="SeleniumLibrary">
<doc>Types the given ``text`` into the text field identified by ``locator``.</doc>
<arguments>
<arg>${PASSWORd}</arg>
<arg>${PASSWORD_VAL}</arg>
</arguments>
<msg timestamp="20200918 15:37:30.505" level="INFO">Typing text 'supersecretpwd123' into text field '//*[@id="user[password]"]'.</msg>
<status status="PASS" starttime="20200918 15:37:30.504" endtime="20200918 15:37:30.541"></status>
</kw>
<kw name="Sleep" library="BuiltIn">
<doc>Pauses the test executed for the given time.</doc>
<arguments>
<arg>1</arg>
</arguments>
<msg timestamp="20200918 15:37:31.542" level="INFO">Slept 1 second</msg>
<status status="PASS" starttime="20200918 15:37:30.541" endtime="20200918 15:37:31.542"></status>
</kw>
<kw name="Close Browser" library="SeleniumLibrary">
<doc>Closes the current browser.</doc>
<status status="PASS" starttime="20200918 15:37:31.542" endtime="20200918 15:37:31.942"></status>
</kw>
<status status="PASS" starttime="20200918 15:37:21.994" endtime="20200918 15:37:31.942"></status>
</kw>
<status status="PASS" starttime="20200918 15:37:21.994" endtime="20200918 15:37:31.942"></status>
</kw>
<status status="PASS" starttime="20200918 15:37:21.994" endtime="20200918 15:37:31.943"></status>
</kw>
<kw name="${ITEM} = item5" type="foritem">
<kw name="Run Keyword" library="BuiltIn">
<doc>Executes the given keyword with the given arguments.</doc>
<arguments>
<arg>Submit Form</arg>
</arguments>
<kw name="Submit Form">
<kw name="Open Browser" library="SeleniumLibrary">
<doc>Opens a new browser instance to the optional ``url``.</doc>
<arguments>
<arg>${URL}</arg>
<arg>${BROWSER}</arg>
</arguments>
<msg timestamp="20200918 15:37:31.944" level="INFO">Opening browser 'firefox' to base url 'https://www.github.com'.</msg>
<msg timestamp="20200918 15:37:31.944" level="INFO">Firefox driver log is always forced to to: /Users/lukehowsam/srv/dev/robot-testing/tests/Github/geckodriver-17.log</msg>
<status status="PASS" starttime="20200918 15:37:31.943" endtime="20200918 15:37:37.638"></status>
</kw>
<kw name="Sleep" library="BuiltIn">
<doc>Pauses the test executed for the given time.</doc>
<arguments>
<arg>1</arg>
</arguments>
<msg timestamp="20200918 15:37:38.641" level="INFO">Slept 1 second</msg>
<status status="PASS" starttime="20200918 15:37:37.639" endtime="20200918 15:37:38.641"></status>
</kw>
<kw name="Input Text" library="SeleniumLibrary">
<doc>Types the given ``text`` into the text field identified by ``locator``.</doc>
<arguments>
<arg>${USERNAME}</arg>
<arg>${USERNAME_VAL}</arg>
</arguments>
<msg timestamp="20200918 15:37:38.642" level="INFO">Typing text 'luke123546' into text field '//*[@id="user[login]"]'.</msg>
<status status="PASS" starttime="20200918 15:37:38.642" endtime="20200918 15:37:38.671"></status>
</kw>
<kw name="Sleep" library="BuiltIn">
<doc>Pauses the test executed for the given time.</doc>
<arguments>
<arg>1</arg>
</arguments>
<msg timestamp="20200918 15:37:39.672" level="INFO">Slept 1 second</msg>
<status status="PASS" starttime="20200918 15:37:38.671" endtime="20200918 15:37:39.672"></status>
</kw>
<kw name="Input Text" library="SeleniumLibrary">
<doc>Types the given ``text`` into the text field identified by ``locator``.</doc>
<arguments>
<arg>${EMAIL}</arg>
<arg>${EMAIL_VAL}</arg>
</arguments>
<msg timestamp="20200918 15:37:39.673" level="INFO">Typing text 'luke@email.com' into text field '//*[@id="user[email]"]'.</msg>
<status status="PASS" starttime="20200918 15:37:39.673" endtime="20200918 15:37:39.700"></status>
</kw>
<kw name="Sleep" library="BuiltIn">
<doc>Pauses the test executed for the given time.</doc>
<arguments>
<arg>1</arg>
</arguments>
<msg timestamp="20200918 15:37:40.701" level="INFO">Slept 1 second</msg>
<status status="PASS" starttime="20200918 15:37:39.700" endtime="20200918 15:37:40.701"></status>
</kw>
<kw name="Input Text" library="SeleniumLibrary">
<doc>Types the given ``text`` into the text field identified by ``locator``.</doc>
<arguments>
<arg>${PASSWORd}</arg>
<arg>${PASSWORD_VAL}</arg>
</arguments>
<msg timestamp="20200918 15:37:40.702" level="INFO">Typing text 'supersecretpwd123' into text field '//*[@id="user[password]"]'.</msg>
<status status="PASS" starttime="20200918 15:37:40.701" endtime="20200918 15:37:40.730"></status>
</kw>
<kw name="Sleep" library="BuiltIn">
<doc>Pauses the test executed for the given time.</doc>
<arguments>
<arg>1</arg>
</arguments>
<msg timestamp="20200918 15:37:41.731" level="INFO">Slept 1 second</msg>
<status status="PASS" starttime="20200918 15:37:40.730" endtime="20200918 15:37:41.731"></status>
</kw>
<kw name="Close Browser" library="SeleniumLibrary">
<doc>Closes the current browser.</doc>
<status status="PASS" starttime="20200918 15:37:41.731" endtime="20200918 15:37:42.102"></status>
</kw>
<status status="PASS" starttime="20200918 15:37:31.943" endtime="20200918 15:37:42.102"></status>
</kw>
<status status="PASS" starttime="20200918 15:37:31.943" endtime="20200918 15:37:42.102"></status>
</kw>
<status status="PASS" starttime="20200918 15:37:31.943" endtime="20200918 15:37:42.102"></status>
</kw>
<status status="PASS" starttime="20200918 15:36:52.417" endtime="20200918 15:37:42.102"></status>
</kw>
<status status="PASS" starttime="20200918 15:36:52.416" endtime="20200918 15:37:42.102" critical="yes"></status>
</test>
<test id="s1-t3" name="Check Text">
<kw name="validate Text">
<kw name="Open Browser" library="SeleniumLibrary">
<doc>Opens a new browser instance to the optional ``url``.</doc>
<arguments>
<arg>${URL}</arg>
<arg>${BROWSER}</arg>
</arguments>
<msg timestamp="20200918 15:37:42.104" level="INFO">Opening browser 'firefox' to base url 'https://www.github.com'.</msg>
<msg timestamp="20200918 15:37:42.105" level="INFO">Firefox driver log is always forced to to: /Users/lukehowsam/srv/dev/robot-testing/tests/Github/geckodriver-18.log</msg>
<status status="PASS" starttime="20200918 15:37:42.104" endtime="20200918 15:37:48.588"></status>
</kw>
<kw name="Sleep" library="BuiltIn">
<doc>Pauses the test executed for the given time.</doc>
<arguments>
<arg>1</arg>
</arguments>
<msg timestamp="20200918 15:37:49.590" level="INFO">Slept 1 second</msg>
<status status="PASS" starttime="20200918 15:37:48.589" endtime="20200918 15:37:49.591"></status>
</kw>
<kw name="Current Frame Should Contain" library="SeleniumLibrary">
<doc>Verifies that the current frame contains ``text``.</doc>
<arguments>
<arg>${STR}</arg>
</arguments>
<msg timestamp="20200918 15:37:49.602" level="INFO">Current frame contains text 'GitHub is a development platform inspired by the way you work. From open source to business, you can host and review code, manage projects, and build software alongside 50 million developers.'.</msg>
<status status="PASS" starttime="20200918 15:37:49.591" endtime="20200918 15:37:49.602"></status>
</kw>
<kw name="Sleep" library="BuiltIn">
<doc>Pauses the test executed for the given time.</doc>
<arguments>
<arg>1</arg>
</arguments>
<msg timestamp="20200918 15:37:50.603" level="INFO">Slept 1 second</msg>
<status status="PASS" starttime="20200918 15:37:49.602" endtime="20200918 15:37:50.604"></status>
</kw>
<kw name="Current Frame Should Contain" library="SeleniumLibrary">
<doc>Verifies that the current frame contains ``text``.</doc>
<arguments>
<arg>${TITLE}</arg>
</arguments>
<msg timestamp="20200918 15:37:50.615" level="INFO">Current frame contains text 'Built for developers'.</msg>
<status status="PASS" starttime="20200918 15:37:50.604" endtime="20200918 15:37:50.615"></status>
</kw>
<kw name="Close Browser" library="SeleniumLibrary">
<doc>Closes the current browser.</doc>
<status status="PASS" starttime="20200918 15:37:50.615" endtime="20200918 15:37:51.107"></status>
</kw>
<status status="PASS" starttime="20200918 15:37:42.103" endtime="20200918 15:37:51.108"></status>
</kw>
<status status="PASS" starttime="20200918 15:37:42.103" endtime="20200918 15:37:51.108" critical="yes"></status>
</test>
<test id="s1-t4" name="Create GH Account">
<kw name="Submit Form">
<kw name="Open Browser" library="SeleniumLibrary">
<doc>Opens a new browser instance to the optional ``url``.</doc>
<arguments>
<arg>${URL}</arg>
<arg>${BROWSER}</arg>
</arguments>
<msg timestamp="20200918 15:37:51.110" level="INFO">Opening browser 'firefox' to base url 'https://www.github.com'.</msg>
<msg timestamp="20200918 15:37:51.111" level="INFO">Firefox driver log is always forced to to: /Users/lukehowsam/srv/dev/robot-testing/tests/Github/geckodriver-19.log</msg>
<status status="PASS" starttime="20200918 15:37:51.109" endtime="20200918 15:37:56.436"></status>
</kw>
<kw name="Sleep" library="BuiltIn">
<doc>Pauses the test executed for the given time.</doc>
<arguments>
<arg>1</arg>
</arguments>
<msg timestamp="20200918 15:37:57.439" level="INFO">Slept 1 second</msg>
<status status="PASS" starttime="20200918 15:37:56.437" endtime="20200918 15:37:57.439"></status>
</kw>
<kw name="Input Text" library="SeleniumLibrary">
<doc>Types the given ``text`` into the text field identified by ``locator``.</doc>
<arguments>
<arg>${USERNAME}</arg>
<arg>${USERNAME_VAL}</arg>
</arguments>
<msg timestamp="20200918 15:37:57.440" level="INFO">Typing text 'luke123546' into text field '//*[@id="user[login]"]'.</msg>
<status status="PASS" starttime="20200918 15:37:57.439" endtime="20200918 15:37:57.489"></status>
</kw>
<kw name="Sleep" library="BuiltIn">
<doc>Pauses the test executed for the given time.</doc>
<arguments>
<arg>1</arg>
</arguments>
<msg timestamp="20200918 15:37:58.492" level="INFO">Slept 1 second</msg>
<status status="PASS" starttime="20200918 15:37:57.489" endtime="20200918 15:37:58.492"></status>
</kw>
<kw name="Input Text" library="SeleniumLibrary">
<doc>Types the given ``text`` into the text field identified by ``locator``.</doc>
<arguments>
<arg>${EMAIL}</arg>
<arg>${EMAIL_VAL}</arg>
</arguments>
<msg timestamp="20200918 15:37:58.493" level="INFO">Typing text 'luke@email.com' into text field '//*[@id="user[email]"]'.</msg>
<status status="PASS" starttime="20200918 15:37:58.492" endtime="20200918 15:37:58.527"></status>
</kw>
<kw name="Sleep" library="BuiltIn">
<doc>Pauses the test executed for the given time.</doc>
<arguments>
<arg>1</arg>
</arguments>
<msg timestamp="20200918 15:37:59.529" level="INFO">Slept 1 second</msg>
<status status="PASS" starttime="20200918 15:37:58.527" endtime="20200918 15:37:59.529"></status>
</kw>
<kw name="Input Text" library="SeleniumLibrary">
<doc>Types the given ``text`` into the text field identified by ``locator``.</doc>
<arguments>
<arg>${PASSWORd}</arg>
<arg>${PASSWORD_VAL}</arg>
</arguments>
<msg timestamp="20200918 15:37:59.530" level="INFO">Typing text 'supersecretpwd123' into text field '//*[@id="user[password]"]'.</msg>
<status status="PASS" starttime="20200918 15:37:59.529" endtime="20200918 15:37:59.572"></status>
</kw>
<kw name="Sleep" library="BuiltIn">
<doc>Pauses the test executed for the given time.</doc>
<arguments>
<arg>1</arg>
</arguments>
<msg timestamp="20200918 15:38:00.573" level="INFO">Slept 1 second</msg>
<status status="PASS" starttime="20200918 15:37:59.573" endtime="20200918 15:38:00.573"></status>
</kw>
<kw name="Close Browser" library="SeleniumLibrary">
<doc>Closes the current browser.</doc>
<status status="PASS" starttime="20200918 15:38:00.573" endtime="20200918 15:38:00.983"></status>
</kw>
<status status="PASS" starttime="20200918 15:37:51.109" endtime="20200918 15:38:00.983"></status>
</kw>
<status status="PASS" starttime="20200918 15:37:51.108" endtime="20200918 15:38:00.983" critical="yes"></status>
</test>
<kw name="Run Keywords" library="BuiltIn" type="teardown">
<doc>Executes all the given keywords in a sequence.</doc>
<arguments>
<arg>Close Browser</arg>
</arguments>
<kw name="Close Browser" library="SeleniumLibrary">
<doc>Closes the current browser.</doc>
<status status="PASS" starttime="20200918 15:38:00.985" endtime="20200918 15:38:00.985"></status>
</kw>
<status status="PASS" starttime="20200918 15:38:00.985" endtime="20200918 15:38:00.985"></status>
</kw>
<status status="PASS" starttime="20200918 15:36:42.846" endtime="20200918 15:38:00.985"></status>
</suite>
<statistics>
<total>
<stat pass="4" fail="0">Critical Tests</stat>
<stat pass="4" fail="0">All Tests</stat>
</total>
<tag>
</tag>
<suite>
<stat pass="4" fail="0" id="s1" name="Github">Github</stat>
</suite>
</statistics>
<errors>
</errors>
</robot>
