<?xml version="1.0" encoding="UTF-8"?>
<robot generator="Robot 3.2.2 (Python 3.8.5 on darwin)" generated="20200918 15:45:54.412" rpa="false">
<suite id="s1" name="Navbar" source="/Users/lukehowsam/srv/dev/robot-testing/tests/cartier/navbar.robot">
<kw name="Run Keywords" library="BuiltIn" type="setup">
<doc>Executes all the given keywords in a sequence.</doc>
<status status="PASS" starttime="20200918 15:45:54.645" endtime="20200918 15:45:54.645"></status>
</kw>
<test id="s1-t1" name="Ensure Jewelery items render properly">
<kw name="jewellery">
<kw name="Open Browser" library="SeleniumLibrary">
<doc>Opens a new browser instance to the optional ``url``.</doc>
<arguments>
<arg>${SITE_URL}</arg>
<arg>${BROWSER}</arg>
</arguments>
<msg timestamp="20200918 15:45:54.646" level="INFO">Opening browser 'chrome' to base url 'https://www.cartier.com/'.</msg>
<status status="PASS" starttime="20200918 15:45:54.646" endtime="20200918 15:45:58.142"></status>
</kw>
<kw name="Sleep" library="BuiltIn">
<doc>Pauses the test executed for the given time.</doc>
<arguments>
<arg>5</arg>
</arguments>
<msg timestamp="20200918 15:46:03.145" level="INFO">Slept 5 seconds</msg>
<status status="PASS" starttime="20200918 15:45:58.143" endtime="20200918 15:46:03.145"></status>
</kw>
<kw name="Title Should Be" library="SeleniumLibrary">
<doc>Verifies that the current page title equals ``title``.</doc>
<arguments>
<arg>${TITLE}</arg>
</arguments>
<msg timestamp="20200918 15:46:03.164" level="INFO">Page title is 'Cartier® Official Website - Jeweler and Watchmaker since 1847'.</msg>
<status status="PASS" starttime="20200918 15:46:03.145" endtime="20200918 15:46:03.164"></status>
</kw>
<kw name="Mouse Over" library="SeleniumLibrary">
<doc>Simulates hovering the mouse over the element ``locator``.</doc>
<arguments>
<arg>${NAV-JEWEL}</arg>
</arguments>
<msg timestamp="20200918 15:46:03.164" level="INFO">Simulating Mouse Over on element 'xpath=//*[@id="fl-header"]/div/div[3]/div[1]/nav/div[2]/div/ul/li[1]/a'.</msg>
<status status="PASS" starttime="20200918 15:46:03.164" endtime="20200918 15:46:03.497"></status>
</kw>
<kw name="Sleep" library="BuiltIn">
<doc>Pauses the test executed for the given time.</doc>
<arguments>
<arg>2</arg>
</arguments>
<msg timestamp="20200918 15:46:05.497" level="INFO">Slept 2 seconds</msg>
<status status="PASS" starttime="20200918 15:46:03.497" endtime="20200918 15:46:05.498"></status>
</kw>
<kw name="Page Should Contain" library="SeleniumLibrary">
<doc>Verifies that current page contains ``text``.</doc>
<arguments>
<arg>LOVE</arg>
</arguments>
<msg timestamp="20200918 15:46:05.525" level="INFO">Current page contains text 'LOVE'.</msg>
<status status="PASS" starttime="20200918 15:46:05.498" endtime="20200918 15:46:05.525"></status>
</kw>
<kw name="Page Should Contain" library="SeleniumLibrary">
<doc>Verifies that current page contains ``text``.</doc>
<arguments>
<arg>Juste un Clou</arg>
</arguments>
<msg timestamp="20200918 15:46:05.549" level="INFO">Current page contains text 'Juste un Clou'.</msg>
<status status="PASS" starttime="20200918 15:46:05.525" endtime="20200918 15:46:05.549"></status>
</kw>
<kw name="Page Should Contain" library="SeleniumLibrary">
<doc>Verifies that current page contains ``text``.</doc>
<arguments>
<arg>Clash de Cartier</arg>
</arguments>
<msg timestamp="20200918 15:46:05.572" level="INFO">Current page contains text 'Clash de Cartier'.</msg>
<status status="PASS" starttime="20200918 15:46:05.550" endtime="20200918 15:46:05.572"></status>
</kw>
<kw name="Page Should Contain" library="SeleniumLibrary">
<doc>Verifies that current page contains ``text``.</doc>
<arguments>
<arg>Trinity</arg>
</arguments>
<msg timestamp="20200918 15:46:05.594" level="INFO">Current page contains text 'Trinity'.</msg>
<status status="PASS" starttime="20200918 15:46:05.572" endtime="20200918 15:46:05.594"></status>
</kw>
<kw name="Page Should Contain" library="SeleniumLibrary">
<doc>Verifies that current page contains ``text``.</doc>
<arguments>
<arg>Panthère de Cartier</arg>
</arguments>
<msg timestamp="20200918 15:46:05.615" level="INFO">Current page contains text 'Panthère de Cartier'.</msg>
<status status="PASS" starttime="20200918 15:46:05.594" endtime="20200918 15:46:05.615"></status>
</kw>
<kw name="Page Should Contain" library="SeleniumLibrary">
<doc>Verifies that current page contains ``text``.</doc>
<arguments>
<arg>Diamond Collection</arg>
</arguments>
<msg timestamp="20200918 15:46:05.635" level="INFO">Current page contains text 'Diamond Collection'.</msg>
<status status="PASS" starttime="20200918 15:46:05.615" endtime="20200918 15:46:05.635"></status>
</kw>
<kw name="Page Should Contain Image" library="SeleniumLibrary">
<doc>Verifies image identified by ``locator`` is found from current page.</doc>
<arguments>
<arg>${NAV-JEWEL--IMG-1}</arg>
</arguments>
<msg timestamp="20200918 15:46:05.649" level="INFO">Current page contains image 'xpath=//*[@id="fl-header"]/div/div[3]/div[1]/nav/div[2]/div/ul/li[1]/div[2]/div/div/div/div[3]/div[1]/div[2]/div/div/div[1]/a/div[1]/img'.</msg>
<status status="PASS" starttime="20200918 15:46:05.636" endtime="20200918 15:46:05.649"></status>
</kw>
<kw name="Page Should Contain Image" library="SeleniumLibrary">
<doc>Verifies image identified by ``locator`` is found from current page.</doc>
<arguments>
<arg>${NAV-JEWEL--IMG-2}</arg>
</arguments>
<msg timestamp="20200918 15:46:05.663" level="INFO">Current page contains image 'xpath=//*[@id="fl-header"]/div/div[3]/div[1]/nav/div[2]/div/ul/li[1]/div[2]/div/div/div/div[3]/div[1]/div[2]/div/div/div[2]/a/div[1]/img'.</msg>
<status status="PASS" starttime="20200918 15:46:05.649" endtime="20200918 15:46:05.663"></status>
</kw>
<kw name="Page Should Contain Image" library="SeleniumLibrary">
<doc>Verifies image identified by ``locator`` is found from current page.</doc>
<arguments>
<arg>${NAV-JEWEL--IMG-3}</arg>
</arguments>
<msg timestamp="20200918 15:46:05.676" level="INFO">Current page contains image 'xpath=//*[@id="fl-header"]/div/div[3]/div[1]/nav/div[2]/div/ul/li[1]/div[2]/div/div/div/div[3]/div[1]/div[2]/div/div/div[3]/a/div[1]/img'.</msg>
<status status="PASS" starttime="20200918 15:46:05.663" endtime="20200918 15:46:05.677"></status>
</kw>
<kw name="Page Should Contain Image" library="SeleniumLibrary">
<doc>Verifies image identified by ``locator`` is found from current page.</doc>
<arguments>
<arg>${NAV-JEWEL--IMG-4}</arg>
</arguments>
<msg timestamp="20200918 15:46:05.690" level="INFO">Current page contains image 'xpath=//*[@id="fl-header"]/div/div[3]/div[1]/nav/div[2]/div/ul/li[1]/div[2]/div/div/div/div[3]/div[1]/div[2]/div/div/div[4]/a/div[1]/img'.</msg>
<status status="PASS" starttime="20200918 15:46:05.677" endtime="20200918 15:46:05.691"></status>
</kw>
<kw name="Page Should Contain Image" library="SeleniumLibrary">
<doc>Verifies image identified by ``locator`` is found from current page.</doc>
<arguments>
<arg>${NAV-JEWEL--IMG-5}</arg>
</arguments>
<msg timestamp="20200918 15:46:05.704" level="INFO">Current page contains image 'xpath=//*[@id="fl-header"]/div/div[3]/div[1]/nav/div[2]/div/ul/li[1]/div[2]/div/div/div/div[3]/div[1]/div[2]/div/div/div[5]/a/div[1]/img'.</msg>
<status status="PASS" starttime="20200918 15:46:05.691" endtime="20200918 15:46:05.704"></status>
</kw>
<kw name="Page Should Contain Image" library="SeleniumLibrary">
<doc>Verifies image identified by ``locator`` is found from current page.</doc>
<arguments>
<arg>${NAV-JEWEL--IMG-6}</arg>
</arguments>
<msg timestamp="20200918 15:46:05.725" level="INFO">Current page contains image 'xpath=//*[@id="fl-header"]/div/div[3]/div[1]/nav/div[2]/div/ul/li[1]/div[2]/div/div/div/div[3]/div[1]/div[2]/div/div/div[6]/a/div[1]/img'.</msg>
<status status="PASS" starttime="20200918 15:46:05.704" endtime="20200918 15:46:05.725"></status>
</kw>
<status status="PASS" starttime="20200918 15:45:54.646" endtime="20200918 15:46:05.725"></status>
</kw>
<status status="PASS" starttime="20200918 15:45:54.645" endtime="20200918 15:46:05.726" critical="yes"></status>
</test>
<test id="s1-t2" name="stressTest">
<kw name="${ITEM} IN [ ${LENGTH} ]" type="for">
<kw name="${ITEM} = item1 item2 item3 item4 item5 item6 item7" type="foritem">
<kw name="Run Keyword" library="BuiltIn">
<doc>Executes the given keyword with the given arguments.</doc>
<arguments>
<arg>jewellery</arg>
</arguments>
<kw name="jewellery">
<kw name="Open Browser" library="SeleniumLibrary">
<doc>Opens a new browser instance to the optional ``url``.</doc>
<arguments>
<arg>${SITE_URL}</arg>
<arg>${BROWSER}</arg>
</arguments>
<msg timestamp="20200918 15:46:05.728" level="INFO">Opening browser 'chrome' to base url 'https://www.cartier.com/'.</msg>
<status status="PASS" starttime="20200918 15:46:05.728" endtime="20200918 15:46:09.274"></status>
</kw>
<kw name="Sleep" library="BuiltIn">
<doc>Pauses the test executed for the given time.</doc>
<arguments>
<arg>5</arg>
</arguments>
<msg timestamp="20200918 15:46:14.276" level="INFO">Slept 5 seconds</msg>
<status status="PASS" starttime="20200918 15:46:09.275" endtime="20200918 15:46:14.276"></status>
</kw>
<kw name="Title Should Be" library="SeleniumLibrary">
<doc>Verifies that the current page title equals ``title``.</doc>
<arguments>
<arg>${TITLE}</arg>
</arguments>
<msg timestamp="20200918 15:46:14.606" level="INFO">Page title is 'Cartier® Official Website - Jeweler and Watchmaker since 1847'.</msg>
<status status="PASS" starttime="20200918 15:46:14.276" endtime="20200918 15:46:14.606"></status>
</kw>
<kw name="Mouse Over" library="SeleniumLibrary">
<doc>Simulates hovering the mouse over the element ``locator``.</doc>
<arguments>
<arg>${NAV-JEWEL}</arg>
</arguments>
<msg timestamp="20200918 15:46:14.606" level="INFO">Simulating Mouse Over on element 'xpath=//*[@id="fl-header"]/div/div[3]/div[1]/nav/div[2]/div/ul/li[1]/a'.</msg>
<status status="PASS" starttime="20200918 15:46:14.606" endtime="20200918 15:46:14.952"></status>
</kw>
<kw name="Sleep" library="BuiltIn">
<doc>Pauses the test executed for the given time.</doc>
<arguments>
<arg>2</arg>
</arguments>
<msg timestamp="20200918 15:46:16.952" level="INFO">Slept 2 seconds</msg>
<status status="PASS" starttime="20200918 15:46:14.952" endtime="20200918 15:46:16.953"></status>
</kw>
<kw name="Page Should Contain" library="SeleniumLibrary">
<doc>Verifies that current page contains ``text``.</doc>
<arguments>
<arg>LOVE</arg>
</arguments>
<msg timestamp="20200918 15:46:16.979" level="INFO">Current page contains text 'LOVE'.</msg>
<status status="PASS" starttime="20200918 15:46:16.953" endtime="20200918 15:46:16.979"></status>
</kw>
<kw name="Page Should Contain" library="SeleniumLibrary">
<doc>Verifies that current page contains ``text``.</doc>
<arguments>
<arg>Juste un Clou</arg>
</arguments>
<msg timestamp="20200918 15:46:17.000" level="INFO">Current page contains text 'Juste un Clou'.</msg>
<status status="PASS" starttime="20200918 15:46:16.979" endtime="20200918 15:46:17.000"></status>
</kw>
<kw name="Page Should Contain" library="SeleniumLibrary">
<doc>Verifies that current page contains ``text``.</doc>
<arguments>
<arg>Clash de Cartier</arg>
</arguments>
<msg timestamp="20200918 15:46:17.023" level="INFO">Current page contains text 'Clash de Cartier'.</msg>
<status status="PASS" starttime="20200918 15:46:17.000" endtime="20200918 15:46:17.023"></status>
</kw>
<kw name="Page Should Contain" library="SeleniumLibrary">
<doc>Verifies that current page contains ``text``.</doc>
<arguments>
<arg>Trinity</arg>
</arguments>
<msg timestamp="20200918 15:46:17.044" level="INFO">Current page contains text 'Trinity'.</msg>
<status status="PASS" starttime="20200918 15:46:17.023" endtime="20200918 15:46:17.044"></status>
</kw>
<kw name="Page Should Contain" library="SeleniumLibrary">
<doc>Verifies that current page contains ``text``.</doc>
<arguments>
<arg>Panthère de Cartier</arg>
</arguments>
<msg timestamp="20200918 15:46:17.066" level="INFO">Current page contains text 'Panthère de Cartier'.</msg>
<status status="PASS" starttime="20200918 15:46:17.044" endtime="20200918 15:46:17.067"></status>
</kw>
<kw name="Page Should Contain" library="SeleniumLibrary">
<doc>Verifies that current page contains ``text``.</doc>
<arguments>
<arg>Diamond Collection</arg>
</arguments>
<msg timestamp="20200918 15:46:17.091" level="INFO">Current page contains text 'Diamond Collection'.</msg>
<status status="PASS" starttime="20200918 15:46:17.067" endtime="20200918 15:46:17.091"></status>
</kw>
<kw name="Page Should Contain Image" library="SeleniumLibrary">
<doc>Verifies image identified by ``locator`` is found from current page.</doc>
<arguments>
<arg>${NAV-JEWEL--IMG-1}</arg>
</arguments>
<msg timestamp="20200918 15:46:17.105" level="INFO">Current page contains image 'xpath=//*[@id="fl-header"]/div/div[3]/div[1]/nav/div[2]/div/ul/li[1]/div[2]/div/div/div/div[3]/div[1]/div[2]/div/div/div[1]/a/div[1]/img'.</msg>
<status status="PASS" starttime="20200918 15:46:17.091" endtime="20200918 15:46:17.105"></status>
</kw>
<kw name="Page Should Contain Image" library="SeleniumLibrary">
<doc>Verifies image identified by ``locator`` is found from current page.</doc>
<arguments>
<arg>${NAV-JEWEL--IMG-2}</arg>
</arguments>
<msg timestamp="20200918 15:46:17.125" level="INFO">Current page contains image 'xpath=//*[@id="fl-header"]/div/div[3]/div[1]/nav/div[2]/div/ul/li[1]/div[2]/div/div/div/div[3]/div[1]/div[2]/div/div/div[2]/a/div[1]/img'.</msg>
<status status="PASS" starttime="20200918 15:46:17.105" endtime="20200918 15:46:17.125"></status>
</kw>
<kw name="Page Should Contain Image" library="SeleniumLibrary">
<doc>Verifies image identified by ``locator`` is found from current page.</doc>
<arguments>
<arg>${NAV-JEWEL--IMG-3}</arg>
</arguments>
<msg timestamp="20200918 15:46:17.149" level="INFO">Current page contains image 'xpath=//*[@id="fl-header"]/div/div[3]/div[1]/nav/div[2]/div/ul/li[1]/div[2]/div/div/div/div[3]/div[1]/div[2]/div/div/div[3]/a/div[1]/img'.</msg>
<status status="PASS" starttime="20200918 15:46:17.125" endtime="20200918 15:46:17.149"></status>
</kw>
<kw name="Page Should Contain Image" library="SeleniumLibrary">
<doc>Verifies image identified by ``locator`` is found from current page.</doc>
<arguments>
<arg>${NAV-JEWEL--IMG-4}</arg>
</arguments>
<msg timestamp="20200918 15:46:17.167" level="INFO">Current page contains image 'xpath=//*[@id="fl-header"]/div/div[3]/div[1]/nav/div[2]/div/ul/li[1]/div[2]/div/div/div/div[3]/div[1]/div[2]/div/div/div[4]/a/div[1]/img'.</msg>
<status status="PASS" starttime="20200918 15:46:17.150" endtime="20200918 15:46:17.167"></status>
</kw>
<kw name="Page Should Contain Image" library="SeleniumLibrary">
<doc>Verifies image identified by ``locator`` is found from current page.</doc>
<arguments>
<arg>${NAV-JEWEL--IMG-5}</arg>
</arguments>
<msg timestamp="20200918 15:46:17.181" level="INFO">Current page contains image 'xpath=//*[@id="fl-header"]/div/div[3]/div[1]/nav/div[2]/div/ul/li[1]/div[2]/div/div/div/div[3]/div[1]/div[2]/div/div/div[5]/a/div[1]/img'.</msg>
<status status="PASS" starttime="20200918 15:46:17.168" endtime="20200918 15:46:17.181"></status>
</kw>
<kw name="Page Should Contain Image" library="SeleniumLibrary">
<doc>Verifies image identified by ``locator`` is found from current page.</doc>
<arguments>
<arg>${NAV-JEWEL--IMG-6}</arg>
</arguments>
<msg timestamp="20200918 15:46:17.196" level="INFO">Current page contains image 'xpath=//*[@id="fl-header"]/div/div[3]/div[1]/nav/div[2]/div/ul/li[1]/div[2]/div/div/div/div[3]/div[1]/div[2]/div/div/div[6]/a/div[1]/img'.</msg>
<status status="PASS" starttime="20200918 15:46:17.181" endtime="20200918 15:46:17.196"></status>
</kw>
<status status="PASS" starttime="20200918 15:46:05.727" endtime="20200918 15:46:17.196"></status>
</kw>
<status status="PASS" starttime="20200918 15:46:05.727" endtime="20200918 15:46:17.196"></status>
</kw>
<status status="PASS" starttime="20200918 15:46:05.727" endtime="20200918 15:46:17.196"></status>
</kw>
<status status="PASS" starttime="20200918 15:46:05.726" endtime="20200918 15:46:17.196"></status>
</kw>
<status status="PASS" starttime="20200918 15:46:05.726" endtime="20200918 15:46:17.197" critical="yes"></status>
</test>
<kw name="Run Keywords" library="BuiltIn" type="teardown">
<doc>Executes all the given keywords in a sequence.</doc>
<arguments>
<arg>Close Browser</arg>
</arguments>
<kw name="Close Browser" library="SeleniumLibrary">
<doc>Closes the current browser.</doc>
<status status="PASS" starttime="20200918 15:46:17.198" endtime="20200918 15:46:17.292"></status>
</kw>
<status status="PASS" starttime="20200918 15:46:17.198" endtime="20200918 15:46:17.292"></status>
</kw>
<status status="PASS" starttime="20200918 15:45:54.413" endtime="20200918 15:46:17.292"></status>
</suite>
<statistics>
<total>
<stat pass="2" fail="0">Critical Tests</stat>
<stat pass="2" fail="0">All Tests</stat>
</total>
<tag>
</tag>
<suite>
<stat pass="2" fail="0" id="s1" name="Navbar">Navbar</stat>
</suite>
</statistics>
<errors>
</errors>
</robot>
