<?xml version="1.0" encoding="UTF-8"?>
<robot generator="Robot 3.2.2 (Python 3.8.5 on darwin)" generated="20200916 16:01:26.666" rpa="false">
<suite id="s1" name="Navbar" source="/Users/lukehowsam/srv/dev/robot-testing/tests/selfridges/navbar.robot">
<kw name="Run Keywords" library="BuiltIn" type="setup">
<doc>Executes all the given keywords in a sequence.</doc>
<status status="PASS" starttime="20200916 16:01:26.855" endtime="20200916 16:01:26.855"></status>
</kw>
<test id="s1-t1" name="Click New In Icon">
<kw name="Open Browser" library="SeleniumLibrary">
<doc>Opens a new browser instance to the optional ``url``.</doc>
<arguments>
<arg>${URL}</arg>
<arg>${BROWSER}</arg>
</arguments>
<msg timestamp="20200916 16:01:26.856" level="INFO">Opening browser 'chrome' to base url 'https://www.selfridges.com/GB/en/'.</msg>
<status status="PASS" starttime="20200916 16:01:26.856" endtime="20200916 16:01:32.930"></status>
</kw>
<kw name="Sleep" library="BuiltIn">
<doc>Pauses the test executed for the given time.</doc>
<arguments>
<arg>3</arg>
</arguments>
<msg timestamp="20200916 16:01:35.932" level="INFO">Slept 3 seconds</msg>
<status status="PASS" starttime="20200916 16:01:32.931" endtime="20200916 16:01:35.932"></status>
</kw>
<kw name="Click Element" library="SeleniumLibrary">
<doc>Click the element identified by ``locator``.</doc>
<arguments>
<arg>//*[@id="752512938"]/div/div/div/div/div/ul/li[1]/a</arg>
</arguments>
<msg timestamp="20200916 16:01:35.933" level="INFO">Clicking element '//*[@id="752512938"]/div/div/div/div/div/ul/li[1]/a'.</msg>
<status status="PASS" starttime="20200916 16:01:35.933" endtime="20200916 16:01:38.012"></status>
</kw>
<kw name="Sleep" library="BuiltIn">
<doc>Pauses the test executed for the given time.</doc>
<arguments>
<arg>6</arg>
</arguments>
<msg timestamp="20200916 16:01:44.013" level="INFO">Slept 6 seconds</msg>
<status status="PASS" starttime="20200916 16:01:38.012" endtime="20200916 16:01:44.013"></status>
</kw>
<kw name="Title Should Be" library="SeleniumLibrary">
<doc>Verifies that the current page title equals ``title``.</doc>
<arguments>
<arg>New In | Selfridges</arg>
</arguments>
<msg timestamp="20200916 16:01:44.036" level="INFO">Page title is 'New In | Selfridges'.</msg>
<status status="PASS" starttime="20200916 16:01:44.014" endtime="20200916 16:01:44.037"></status>
</kw>
<kw name="Close Browser" library="SeleniumLibrary">
<doc>Closes the current browser.</doc>
<status status="PASS" starttime="20200916 16:01:44.037" endtime="20200916 16:01:44.137"></status>
</kw>
<status status="PASS" starttime="20200916 16:01:26.855" endtime="20200916 16:01:44.137" critical="yes"></status>
</test>
<test id="s1-t2" name="Click Women Section Icon">
<kw name="Open Browser" library="SeleniumLibrary">
<doc>Opens a new browser instance to the optional ``url``.</doc>
<arguments>
<arg>${URL}</arg>
<arg>${BROWSER}</arg>
</arguments>
<msg timestamp="20200916 16:01:44.139" level="INFO">Opening browser 'chrome' to base url 'https://www.selfridges.com/GB/en/'.</msg>
<status status="PASS" starttime="20200916 16:01:44.139" endtime="20200916 16:01:49.380"></status>
</kw>
<kw name="Sleep" library="BuiltIn">
<doc>Pauses the test executed for the given time.</doc>
<arguments>
<arg>3</arg>
</arguments>
<msg timestamp="20200916 16:01:52.381" level="INFO">Slept 3 seconds</msg>
<status status="PASS" starttime="20200916 16:01:49.380" endtime="20200916 16:01:52.381"></status>
</kw>
<kw name="Click Element" library="SeleniumLibrary">
<doc>Click the element identified by ``locator``.</doc>
<arguments>
<arg>//*[@id="752512938"]/div/div/div/div/div/ul/li[2]/a</arg>
</arguments>
<msg timestamp="20200916 16:01:52.382" level="INFO">Clicking element '//*[@id="752512938"]/div/div/div/div/div/ul/li[2]/a'.</msg>
<status status="PASS" starttime="20200916 16:01:52.381" endtime="20200916 16:01:52.736"></status>
</kw>
<kw name="Sleep" library="BuiltIn">
<doc>Pauses the test executed for the given time.</doc>
<arguments>
<arg>3</arg>
</arguments>
<msg timestamp="20200916 16:01:55.738" level="INFO">Slept 3 seconds</msg>
<status status="PASS" starttime="20200916 16:01:52.737" endtime="20200916 16:01:55.738"></status>
</kw>
<kw name="Title Should Be" library="SeleniumLibrary">
<doc>Verifies that the current page title equals ``title``.</doc>
<arguments>
<arg>Women's Designer Fashion | Selfridges</arg>
</arguments>
<msg timestamp="20200916 16:01:55.749" level="INFO">Page title is 'Women's Designer Fashion | Selfridges'.</msg>
<status status="PASS" starttime="20200916 16:01:55.738" endtime="20200916 16:01:55.749"></status>
</kw>
<kw name="Close Browser" library="SeleniumLibrary">
<doc>Closes the current browser.</doc>
<status status="PASS" starttime="20200916 16:01:55.749" endtime="20200916 16:01:55.840"></status>
</kw>
<status status="PASS" starttime="20200916 16:01:44.138" endtime="20200916 16:01:55.840" critical="yes"></status>
</test>
<test id="s1-t3" name="Click Mens Section Icon">
<kw name="Open Browser" library="SeleniumLibrary">
<doc>Opens a new browser instance to the optional ``url``.</doc>
<arguments>
<arg>${URL}</arg>
<arg>${BROWSER}</arg>
</arguments>
<msg timestamp="20200916 16:01:55.842" level="INFO">Opening browser 'chrome' to base url 'https://www.selfridges.com/GB/en/'.</msg>
<status status="PASS" starttime="20200916 16:01:55.842" endtime="20200916 16:02:01.427"></status>
</kw>
<kw name="Sleep" library="BuiltIn">
<doc>Pauses the test executed for the given time.</doc>
<arguments>
<arg>3</arg>
</arguments>
<msg timestamp="20200916 16:02:04.428" level="INFO">Slept 3 seconds</msg>
<status status="PASS" starttime="20200916 16:02:01.427" endtime="20200916 16:02:04.428"></status>
</kw>
<kw name="Click Element" library="SeleniumLibrary">
<doc>Click the element identified by ``locator``.</doc>
<arguments>
<arg>//*[@id="752512938"]/div/div/div/div/div/ul/li[3]/a</arg>
</arguments>
<msg timestamp="20200916 16:02:04.429" level="INFO">Clicking element '//*[@id="752512938"]/div/div/div/div/div/ul/li[3]/a'.</msg>
<status status="PASS" starttime="20200916 16:02:04.428" endtime="20200916 16:02:05.869"></status>
</kw>
<kw name="Sleep" library="BuiltIn">
<doc>Pauses the test executed for the given time.</doc>
<arguments>
<arg>3</arg>
</arguments>
<msg timestamp="20200916 16:02:08.872" level="INFO">Slept 3 seconds</msg>
<status status="PASS" starttime="20200916 16:02:05.869" endtime="20200916 16:02:08.872"></status>
</kw>
<kw name="Title Should Be" library="SeleniumLibrary">
<doc>Verifies that the current page title equals ``title``.</doc>
<arguments>
<arg>Men's Designer Fashion | Selfridges</arg>
</arguments>
<msg timestamp="20200916 16:02:08.886" level="INFO">Page title is 'Men's Designer Fashion | Selfridges'.</msg>
<status status="PASS" starttime="20200916 16:02:08.873" endtime="20200916 16:02:08.886"></status>
</kw>
<kw name="Close Browser" library="SeleniumLibrary">
<doc>Closes the current browser.</doc>
<status status="PASS" starttime="20200916 16:02:08.886" endtime="20200916 16:02:08.976"></status>
</kw>
<status status="PASS" starttime="20200916 16:01:55.841" endtime="20200916 16:02:08.976" critical="yes"></status>
</test>
<test id="s1-t4" name="Click Bags Section Icon">
<kw name="Open Browser" library="SeleniumLibrary">
<doc>Opens a new browser instance to the optional ``url``.</doc>
<arguments>
<arg>${URL}</arg>
<arg>${BROWSER}</arg>
</arguments>
<msg timestamp="20200916 16:02:08.978" level="INFO">Opening browser 'chrome' to base url 'https://www.selfridges.com/GB/en/'.</msg>
<status status="PASS" starttime="20200916 16:02:08.977" endtime="20200916 16:02:14.322"></status>
</kw>
<kw name="Sleep" library="BuiltIn">
<doc>Pauses the test executed for the given time.</doc>
<arguments>
<arg>3</arg>
</arguments>
<msg timestamp="20200916 16:02:17.323" level="INFO">Slept 3 seconds</msg>
<status status="PASS" starttime="20200916 16:02:14.322" endtime="20200916 16:02:17.323"></status>
</kw>
<kw name="Click Element" library="SeleniumLibrary">
<doc>Click the element identified by ``locator``.</doc>
<arguments>
<arg>//*[@id="752512938"]/div/div/div/div/div/ul/li[4]/a</arg>
</arguments>
<msg timestamp="20200916 16:02:17.325" level="INFO">Clicking element '//*[@id="752512938"]/div/div/div/div/div/ul/li[4]/a'.</msg>
<status status="PASS" starttime="20200916 16:02:17.324" endtime="20200916 16:02:19.727"></status>
</kw>
<kw name="Sleep" library="BuiltIn">
<doc>Pauses the test executed for the given time.</doc>
<arguments>
<arg>3</arg>
</arguments>
<msg timestamp="20200916 16:02:22.729" level="INFO">Slept 3 seconds</msg>
<status status="PASS" starttime="20200916 16:02:19.727" endtime="20200916 16:02:22.729"></status>
</kw>
<kw name="Title Should Be" library="SeleniumLibrary">
<doc>Verifies that the current page title equals ``title``.</doc>
<arguments>
<arg>Designer Bags - Backpacks, Gucci, Prada &amp; more | Selfridges</arg>
</arguments>
<msg timestamp="20200916 16:02:22.741" level="INFO">Page title is 'Designer Bags - Backpacks, Gucci, Prada &amp; more | Selfridges'.</msg>
<status status="PASS" starttime="20200916 16:02:22.730" endtime="20200916 16:02:22.741"></status>
</kw>
<kw name="Close Browser" library="SeleniumLibrary">
<doc>Closes the current browser.</doc>
<status status="PASS" starttime="20200916 16:02:22.741" endtime="20200916 16:02:22.833"></status>
</kw>
<status status="PASS" starttime="20200916 16:02:08.977" endtime="20200916 16:02:22.833" critical="yes"></status>
</test>
<test id="s1-t5" name="Click Shoes Section Icon">
<kw name="Open Browser" library="SeleniumLibrary">
<doc>Opens a new browser instance to the optional ``url``.</doc>
<arguments>
<arg>${URL}</arg>
<arg>${BROWSER}</arg>
</arguments>
<msg timestamp="20200916 16:02:22.834" level="INFO">Opening browser 'chrome' to base url 'https://www.selfridges.com/GB/en/'.</msg>
<status status="PASS" starttime="20200916 16:02:22.834" endtime="20200916 16:02:27.322"></status>
</kw>
<kw name="Sleep" library="BuiltIn">
<doc>Pauses the test executed for the given time.</doc>
<arguments>
<arg>3</arg>
</arguments>
<msg timestamp="20200916 16:02:30.325" level="INFO">Slept 3 seconds</msg>
<status status="PASS" starttime="20200916 16:02:27.323" endtime="20200916 16:02:30.325"></status>
</kw>
<kw name="Click Element" library="SeleniumLibrary">
<doc>Click the element identified by ``locator``.</doc>
<arguments>
<arg>//*[@id="752512938"]/div/div/div/div/div/ul/li[5]/a</arg>
</arguments>
<msg timestamp="20200916 16:02:30.326" level="INFO">Clicking element '//*[@id="752512938"]/div/div/div/div/div/ul/li[5]/a'.</msg>
<status status="PASS" starttime="20200916 16:02:30.326" endtime="20200916 16:02:32.720"></status>
</kw>
<kw name="Sleep" library="BuiltIn">
<doc>Pauses the test executed for the given time.</doc>
<arguments>
<arg>3</arg>
</arguments>
<msg timestamp="20200916 16:02:35.722" level="INFO">Slept 3 seconds</msg>
<status status="PASS" starttime="20200916 16:02:32.720" endtime="20200916 16:02:35.722"></status>
</kw>
<kw name="Title Should Be" library="SeleniumLibrary">
<doc>Verifies that the current page title equals ``title``.</doc>
<arguments>
<arg>Designer Shoes - Men's Trainers, Heels &amp; more | Selfridges</arg>
</arguments>
<msg timestamp="20200916 16:02:35.733" level="INFO">Page title is 'Designer Shoes - Men's Trainers, Heels &amp; more | Selfridges'.</msg>
<status status="PASS" starttime="20200916 16:02:35.722" endtime="20200916 16:02:35.733"></status>
</kw>
<kw name="Close Browser" library="SeleniumLibrary">
<doc>Closes the current browser.</doc>
<status status="PASS" starttime="20200916 16:02:35.733" endtime="20200916 16:02:35.833"></status>
</kw>
<status status="PASS" starttime="20200916 16:02:22.834" endtime="20200916 16:02:35.833" critical="yes"></status>
</test>
<test id="s1-t6" name="Click Beauty Section Icon">
<kw name="Open Browser" library="SeleniumLibrary">
<doc>Opens a new browser instance to the optional ``url``.</doc>
<arguments>
<arg>${URL}</arg>
<arg>${BROWSER}</arg>
</arguments>
<msg timestamp="20200916 16:02:35.834" level="INFO">Opening browser 'chrome' to base url 'https://www.selfridges.com/GB/en/'.</msg>
<status status="PASS" starttime="20200916 16:02:35.834" endtime="20200916 16:02:39.883"></status>
</kw>
<kw name="Sleep" library="BuiltIn">
<doc>Pauses the test executed for the given time.</doc>
<arguments>
<arg>3</arg>
</arguments>
<msg timestamp="20200916 16:02:42.886" level="INFO">Slept 3 seconds</msg>
<status status="PASS" starttime="20200916 16:02:39.883" endtime="20200916 16:02:42.886"></status>
</kw>
<kw name="Click Element" library="SeleniumLibrary">
<doc>Click the element identified by ``locator``.</doc>
<arguments>
<arg>//*[@id="752512938"]/div/div/div/div/div/ul/li[6]/a</arg>
</arguments>
<msg timestamp="20200916 16:02:42.887" level="INFO">Clicking element '//*[@id="752512938"]/div/div/div/div/div/ul/li[6]/a'.</msg>
<status status="PASS" starttime="20200916 16:02:42.887" endtime="20200916 16:02:44.195"></status>
</kw>
<kw name="Sleep" library="BuiltIn">
<doc>Pauses the test executed for the given time.</doc>
<arguments>
<arg>3</arg>
</arguments>
<msg timestamp="20200916 16:02:47.196" level="INFO">Slept 3 seconds</msg>
<status status="PASS" starttime="20200916 16:02:44.195" endtime="20200916 16:02:47.196"></status>
</kw>
<kw name="Title Should Be" library="SeleniumLibrary">
<doc>Verifies that the current page title equals ``title``.</doc>
<arguments>
<arg>Beauty - Make-up, Skincare, Gift Sets and more | Selfridges</arg>
</arguments>
<msg timestamp="20200916 16:02:47.210" level="INFO">Page title is 'Beauty - Make-up, Skincare, Gift Sets and more | Selfridges'.</msg>
<status status="PASS" starttime="20200916 16:02:47.197" endtime="20200916 16:02:47.210"></status>
</kw>
<kw name="Close Browser" library="SeleniumLibrary">
<doc>Closes the current browser.</doc>
<status status="PASS" starttime="20200916 16:02:47.210" endtime="20200916 16:02:47.324"></status>
</kw>
<status status="PASS" starttime="20200916 16:02:35.833" endtime="20200916 16:02:47.325" critical="yes"></status>
</test>
<test id="s1-t7" name="Click Kids Section Icon">
<kw name="Open Browser" library="SeleniumLibrary">
<doc>Opens a new browser instance to the optional ``url``.</doc>
<arguments>
<arg>${URL}</arg>
<arg>${BROWSER}</arg>
</arguments>
<msg timestamp="20200916 16:02:47.328" level="INFO">Opening browser 'chrome' to base url 'https://www.selfridges.com/GB/en/'.</msg>
<status status="PASS" starttime="20200916 16:02:47.327" endtime="20200916 16:02:52.653"></status>
</kw>
<kw name="Sleep" library="BuiltIn">
<doc>Pauses the test executed for the given time.</doc>
<arguments>
<arg>3</arg>
</arguments>
<msg timestamp="20200916 16:02:55.656" level="INFO">Slept 3 seconds</msg>
<status status="PASS" starttime="20200916 16:02:52.654" endtime="20200916 16:02:55.656"></status>
</kw>
<kw name="Click Element" library="SeleniumLibrary">
<doc>Click the element identified by ``locator``.</doc>
<arguments>
<arg>//*[@id="752512938"]/div/div/div/div/div/ul/li[7]/a</arg>
</arguments>
<msg timestamp="20200916 16:02:55.657" level="INFO">Clicking element '//*[@id="752512938"]/div/div/div/div/div/ul/li[7]/a'.</msg>
<status status="PASS" starttime="20200916 16:02:55.657" endtime="20200916 16:02:58.323"></status>
</kw>
<kw name="Title Should Be" library="SeleniumLibrary">
<doc>Verifies that the current page title equals ``title``.</doc>
<arguments>
<arg>Kids - Toys, baby clothes, kids shoes &amp; more | Selfridges</arg>
</arguments>
<msg timestamp="20200916 16:02:58.391" level="INFO">Page title is 'Kids - Toys, baby clothes, kids shoes &amp; more | Selfridges'.</msg>
<status status="PASS" starttime="20200916 16:02:58.323" endtime="20200916 16:02:58.391"></status>
</kw>
<kw name="Close Browser" library="SeleniumLibrary">
<doc>Closes the current browser.</doc>
<status status="PASS" starttime="20200916 16:02:58.392" endtime="20200916 16:02:58.498"></status>
</kw>
<status status="PASS" starttime="20200916 16:02:47.326" endtime="20200916 16:02:58.499" critical="yes"></status>
</test>
<test id="s1-t8" name="Click Home And Tech Section Icon">
<kw name="Open Browser" library="SeleniumLibrary">
<doc>Opens a new browser instance to the optional ``url``.</doc>
<arguments>
<arg>${URL}</arg>
<arg>${BROWSER}</arg>
</arguments>
<msg timestamp="20200916 16:02:58.501" level="INFO">Opening browser 'chrome' to base url 'https://www.selfridges.com/GB/en/'.</msg>
<status status="PASS" starttime="20200916 16:02:58.500" endtime="20200916 16:03:03.739"></status>
</kw>
<kw name="Sleep" library="BuiltIn">
<doc>Pauses the test executed for the given time.</doc>
<arguments>
<arg>3</arg>
</arguments>
<msg timestamp="20200916 16:03:06.742" level="INFO">Slept 3 seconds</msg>
<status status="PASS" starttime="20200916 16:03:03.740" endtime="20200916 16:03:06.742"></status>
</kw>
<kw name="Click Element" library="SeleniumLibrary">
<doc>Click the element identified by ``locator``.</doc>
<arguments>
<arg>//*[@id="752512938"]/div/div/div/div/div/ul/li[8]/a</arg>
</arguments>
<msg timestamp="20200916 16:03:06.742" level="INFO">Clicking element '//*[@id="752512938"]/div/div/div/div/div/ul/li[8]/a'.</msg>
<status status="PASS" starttime="20200916 16:03:06.742" endtime="20200916 16:03:08.911"></status>
</kw>
<kw name="Title Should Be" library="SeleniumLibrary">
<doc>Verifies that the current page title equals ``title``.</doc>
<arguments>
<arg>Home &amp; Tech - Headphones, Candles &amp; more | Selfridges</arg>
</arguments>
<msg timestamp="20200916 16:03:09.027" level="INFO">Page title is 'Home &amp; Tech - Headphones, Candles &amp; more | Selfridges'.</msg>
<status status="PASS" starttime="20200916 16:03:08.912" endtime="20200916 16:03:09.027"></status>
</kw>
<kw name="Close Browser" library="SeleniumLibrary">
<doc>Closes the current browser.</doc>
<status status="PASS" starttime="20200916 16:03:09.027" endtime="20200916 16:03:09.121"></status>
</kw>
<status status="PASS" starttime="20200916 16:02:58.499" endtime="20200916 16:03:09.122" critical="yes"></status>
</test>
<test id="s1-t9" name="Click FoodHall Section Icon">
<kw name="Open Browser" library="SeleniumLibrary">
<doc>Opens a new browser instance to the optional ``url``.</doc>
<arguments>
<arg>${URL}</arg>
<arg>${BROWSER}</arg>
</arguments>
<msg timestamp="20200916 16:03:09.123" level="INFO">Opening browser 'chrome' to base url 'https://www.selfridges.com/GB/en/'.</msg>
<status status="PASS" starttime="20200916 16:03:09.123" endtime="20200916 16:03:14.327"></status>
</kw>
<kw name="Sleep" library="BuiltIn">
<doc>Pauses the test executed for the given time.</doc>
<arguments>
<arg>3</arg>
</arguments>
<msg timestamp="20200916 16:03:17.330" level="INFO">Slept 3 seconds</msg>
<status status="PASS" starttime="20200916 16:03:14.328" endtime="20200916 16:03:17.330"></status>
</kw>
<kw name="Click Element" library="SeleniumLibrary">
<doc>Click the element identified by ``locator``.</doc>
<arguments>
<arg>//*[@id="752512938"]/div/div/div/div/div/ul/li[9]/a</arg>
</arguments>
<msg timestamp="20200916 16:03:17.331" level="INFO">Clicking element '//*[@id="752512938"]/div/div/div/div/div/ul/li[9]/a'.</msg>
<status status="PASS" starttime="20200916 16:03:17.331" endtime="20200916 16:03:19.818"></status>
</kw>
<kw name="Title Should Be" library="SeleniumLibrary">
<doc>Verifies that the current page title equals ``title``.</doc>
<arguments>
<arg>Selfridges Foodhall - Hampers, Chocolates, Wines &amp; Spirits</arg>
</arguments>
<msg timestamp="20200916 16:03:19.922" level="INFO">Page title is 'Selfridges Foodhall - Hampers, Chocolates, Wines &amp; Spirits'.</msg>
<status status="PASS" starttime="20200916 16:03:19.818" endtime="20200916 16:03:19.922"></status>
</kw>
<kw name="Close Browser" library="SeleniumLibrary">
<doc>Closes the current browser.</doc>
<status status="PASS" starttime="20200916 16:03:19.923" endtime="20200916 16:03:20.015"></status>
</kw>
<status status="PASS" starttime="20200916 16:03:09.122" endtime="20200916 16:03:20.015" critical="yes"></status>
</test>
<test id="s1-t10" name="Click Jewellery Section Icon">
<kw name="Open Browser" library="SeleniumLibrary">
<doc>Opens a new browser instance to the optional ``url``.</doc>
<arguments>
<arg>${URL}</arg>
<arg>${BROWSER}</arg>
</arguments>
<msg timestamp="20200916 16:03:20.016" level="INFO">Opening browser 'chrome' to base url 'https://www.selfridges.com/GB/en/'.</msg>
<status status="PASS" starttime="20200916 16:03:20.016" endtime="20200916 16:03:23.804"></status>
</kw>
<kw name="Sleep" library="BuiltIn">
<doc>Pauses the test executed for the given time.</doc>
<arguments>
<arg>3</arg>
</arguments>
<msg timestamp="20200916 16:03:26.807" level="INFO">Slept 3 seconds</msg>
<status status="PASS" starttime="20200916 16:03:23.804" endtime="20200916 16:03:26.807"></status>
</kw>
<kw name="Click Element" library="SeleniumLibrary">
<doc>Click the element identified by ``locator``.</doc>
<arguments>
<arg>//*[@id="752512938"]/div/div/div/div/div/ul/li[10]/a</arg>
</arguments>
<msg timestamp="20200916 16:03:26.808" level="INFO">Clicking element '//*[@id="752512938"]/div/div/div/div/div/ul/li[10]/a'.</msg>
<status status="PASS" starttime="20200916 16:03:26.808" endtime="20200916 16:03:28.139"></status>
</kw>
<kw name="Title Should Be" library="SeleniumLibrary">
<doc>Verifies that the current page title equals ``title``.</doc>
<arguments>
<arg>Jewellery &amp; Watches - Fine Jewellery, Fine Watches | Selfridges</arg>
</arguments>
<msg timestamp="20200916 16:03:28.313" level="INFO">Page title is 'Jewellery &amp; Watches - Fine Jewellery, Fine Watches | Selfridges'.</msg>
<status status="PASS" starttime="20200916 16:03:28.139" endtime="20200916 16:03:28.313"></status>
</kw>
<kw name="Close Browser" library="SeleniumLibrary">
<doc>Closes the current browser.</doc>
<status status="PASS" starttime="20200916 16:03:28.313" endtime="20200916 16:03:28.400"></status>
</kw>
<status status="PASS" starttime="20200916 16:03:20.016" endtime="20200916 16:03:28.401" critical="yes"></status>
</test>
<test id="s1-t11" name="Click Gifts Section Icon">
<kw name="Open Browser" library="SeleniumLibrary">
<doc>Opens a new browser instance to the optional ``url``.</doc>
<arguments>
<arg>${URL}</arg>
<arg>${BROWSER}</arg>
</arguments>
<msg timestamp="20200916 16:03:28.402" level="INFO">Opening browser 'chrome' to base url 'https://www.selfridges.com/GB/en/'.</msg>
<status status="PASS" starttime="20200916 16:03:28.402" endtime="20200916 16:03:33.813"></status>
</kw>
<kw name="Sleep" library="BuiltIn">
<doc>Pauses the test executed for the given time.</doc>
<arguments>
<arg>3</arg>
</arguments>
<msg timestamp="20200916 16:03:36.814" level="INFO">Slept 3 seconds</msg>
<status status="PASS" starttime="20200916 16:03:33.813" endtime="20200916 16:03:36.815"></status>
</kw>
<kw name="Click Element" library="SeleniumLibrary">
<doc>Click the element identified by ``locator``.</doc>
<arguments>
<arg>//*[@id="752512938"]/div/div/div/div/div/ul/li[11]/a</arg>
</arguments>
<msg timestamp="20200916 16:03:36.816" level="INFO">Clicking element '//*[@id="752512938"]/div/div/div/div/div/ul/li[11]/a'.</msg>
<status status="PASS" starttime="20200916 16:03:36.815" endtime="20200916 16:03:37.757"></status>
</kw>
<kw name="Title Should Be" library="SeleniumLibrary">
<doc>Verifies that the current page title equals ``title``.</doc>
<arguments>
<arg>Gifts | Info | Selfridges</arg>
</arguments>
<msg timestamp="20200916 16:03:37.764" level="INFO">Page title is 'Gifts | Info | Selfridges'.</msg>
<status status="PASS" starttime="20200916 16:03:37.757" endtime="20200916 16:03:37.764"></status>
</kw>
<kw name="Close Browser" library="SeleniumLibrary">
<doc>Closes the current browser.</doc>
<status status="PASS" starttime="20200916 16:03:37.764" endtime="20200916 16:03:37.849"></status>
</kw>
<status status="PASS" starttime="20200916 16:03:28.401" endtime="20200916 16:03:37.850" critical="yes"></status>
</test>
<test id="s1-t12" name="Click Project Earth Section Icon">
<kw name="Open Browser" library="SeleniumLibrary">
<doc>Opens a new browser instance to the optional ``url``.</doc>
<arguments>
<arg>${URL}</arg>
<arg>${BROWSER}</arg>
</arguments>
<msg timestamp="20200916 16:03:37.851" level="INFO">Opening browser 'chrome' to base url 'https://www.selfridges.com/GB/en/'.</msg>
<status status="PASS" starttime="20200916 16:03:37.851" endtime="20200916 16:03:43.296"></status>
</kw>
<kw name="Sleep" library="BuiltIn">
<doc>Pauses the test executed for the given time.</doc>
<arguments>
<arg>3</arg>
</arguments>
<msg timestamp="20200916 16:03:46.297" level="INFO">Slept 3 seconds</msg>
<status status="PASS" starttime="20200916 16:03:43.297" endtime="20200916 16:03:46.298"></status>
</kw>
<kw name="Click Element" library="SeleniumLibrary">
<doc>Click the element identified by ``locator``.</doc>
<arguments>
<arg>//*[@id="752512938"]/div/div/div/div/div/ul/li[12]/a</arg>
</arguments>
<msg timestamp="20200916 16:03:46.299" level="INFO">Clicking element '//*[@id="752512938"]/div/div/div/div/div/ul/li[12]/a'.</msg>
<status status="PASS" starttime="20200916 16:03:46.299" endtime="20200916 16:03:47.690"></status>
</kw>
<kw name="Title Should Be" library="SeleniumLibrary">
<doc>Verifies that the current page title equals ``title``.</doc>
<arguments>
<arg>Project Earth | Sustainability &amp; Ethical Shopping | Selfridges</arg>
</arguments>
<msg timestamp="20200916 16:03:47.807" level="INFO">Page title is 'Project Earth | Sustainability &amp; Ethical Shopping | Selfridges'.</msg>
<status status="PASS" starttime="20200916 16:03:47.690" endtime="20200916 16:03:47.807"></status>
</kw>
<kw name="Close Browser" library="SeleniumLibrary">
<doc>Closes the current browser.</doc>
<status status="PASS" starttime="20200916 16:03:47.808" endtime="20200916 16:03:47.912"></status>
</kw>
<status status="PASS" starttime="20200916 16:03:37.850" endtime="20200916 16:03:47.912" critical="yes"></status>
</test>
<kw name="Run Keywords" library="BuiltIn" type="teardown">
<doc>Executes all the given keywords in a sequence.</doc>
<arguments>
<arg>Close Browser</arg>
</arguments>
<kw name="Close Browser" library="SeleniumLibrary">
<doc>Closes the current browser.</doc>
<status status="PASS" starttime="20200916 16:03:47.917" endtime="20200916 16:03:47.918"></status>
</kw>
<status status="PASS" starttime="20200916 16:03:47.916" endtime="20200916 16:03:47.918"></status>
</kw>
<status status="PASS" starttime="20200916 16:01:26.667" endtime="20200916 16:03:47.918"></status>
</suite>
<statistics>
<total>
<stat pass="12" fail="0">Critical Tests</stat>
<stat pass="12" fail="0">All Tests</stat>
</total>
<tag>
</tag>
<suite>
<stat pass="12" fail="0" id="s1" name="Navbar">Navbar</stat>
</suite>
</statistics>
<errors>
</errors>
</robot>
